2025-10-09 13:29:56 [INFO] - Init Global Variable
2025-10-09 13:30:41 [INFO] - Init Global Variable
2025-10-09 13:49:05 [INFO] - Init Global Variable
2025-10-09 14:24:27 [INFO] - Init Global Variable
2025-10-09 14:24:52 [INFO] - Init Global Variable
2025-10-09 14:25:54 [INFO] - Init Global Variable
2025-10-09 14:26:07 [INFO] - Init Global Variable
2025-10-09 14:48:11 [INFO] - Init Global Variable
2025-10-09 14:48:43 [INFO] - Init Global Variable
2025-10-09 14:49:03 [INFO] - Init Global Variable
2025-10-09 14:49:40 [INFO] - Init Global Variable
2025-10-09 14:52:43 [INFO] - Init Global Variable
2025-10-09 14:53:45 [INFO] - Init Global Variable
2025-10-09 14:56:47 [INFO] - Init Global Variable
2025-10-09 14:57:01 [INFO] - Init Global Variable
2025-10-09 14:57:43 [INFO] - Init Global Variable
2025-10-09 14:57:59 [INFO] - Init Global Variable
2025-10-09 14:58:54 [INFO] - Init Global Variable
2025-10-09 15:01:10 [INFO] - Init Global Variable
2025-10-09 15:01:19 [INFO] - Init Global Variable
2025-10-09 15:01:43 [INFO] - Init Global Variable
2025-10-09 15:15:51 [INFO] - Init Global Variable
2025-10-09 15:16:00 [INFO] - Init Global Variable
2025-10-09 15:29:21 [INFO] - Init Global Variable
2025-10-09 15:29:39 [INFO] - Init Global Variable
2025-10-09 15:30:23 [INFO] - Init Global Variable
2025-10-09 15:56:59 [INFO] - Init Global Variable
2025-10-09 15:58:16 [INFO] - Init Global Variable
2025-10-09 15:58:35 [INFO] - Init Global Variable
2025-10-09 15:59:26 [INFO] - Init Global Variable
2025-10-09 16:01:42 [INFO] - Init Global Variable
2025-10-09 16:38:58 [INFO] - Init Global Variable
2025-10-09 16:39:34 [INFO] - Init Global Variable
2025-10-09 17:14:48 [INFO] - Init Global Variable
2025-10-09 17:15:15 [INFO] - Scraping from 20251008 to 20251009...
2025-10-09 17:15:15 [INFO] - Start scraping from start date: 20251008 to 20251009
2025-10-09 17:15:15 [INFO] - page_start: 0
2025-10-09 17:15:15 [INFO] - Fetching data from API SGX Buy Back...
2025-10-09 17:15:15 [INFO] - Response status: 200
2025-10-09 17:15:15 [INFO] - Fetched 9 announcements
2025-10-09 17:16:46 [INFO] - Init Global Variable
2025-10-09 17:17:05 [INFO] - Scraping from 20251008 to 20251009...
2025-10-09 17:17:05 [INFO] - Start scraping from start date: 20251008 to 20251009
2025-10-09 17:17:05 [INFO] - page_start: 0
2025-10-09 17:17:05 [INFO] - Fetching data from API SGX Buy Back...
2025-10-09 17:17:05 [INFO] - Response status: 200
2025-10-09 17:17:05 [INFO] - Fetched 9 announcements
2025-10-09 17:17:42 [INFO] - page_start: 1
2025-10-09 17:17:42 [INFO] - Fetching data from API SGX Buy Back...
2025-10-09 17:17:43 [INFO] - Response status: 200
2025-10-09 17:17:43 [WARNING] - WARNING: API returned None
2025-10-09 17:17:43 [INFO] - No more announcements found — stopping pagination.
2025-10-09 17:18:05 [INFO] - Fetching data from API SGX Buy Back...
2025-10-09 17:18:05 [INFO] - Response status: 200
2025-10-09 17:18:05 [WARNING] - WARNING: API returned None
2025-10-09 17:18:05 [INFO] - No more announcements found on this page — stopping pagination.
2025-10-09 17:18:05 [INFO] - [SGX_BUYBACK] Scraping completed. Total records: 9
2025-10-09 17:18:05 [INFO] - Saved all announcements to data/scraper_output/sgx_buybacks.json
